# JRE version: OpenJDK Runtime Environment (7.0_75-b13) (build 1.7.0_75-b13)
# Java VM: OpenJDK 64-Bit Server VM (24.75-b04 mixed mode linux-amd64 compressed oops)
Heap
 PSYoungGen      total 327680K, used 41758K [0x00000000ebd00000, 0x0000000100000000, 0x0000000100000000)
  eden space 324608K, 12% used [0x00000000ebd00000,0x00000000ee3478c8,0x00000000ffa00000)
  from space 3072K, 83% used [0x00000000ffa00000,0x00000000ffc80000,0x00000000ffd00000)
  to   space 3072K, 0% used [0x00000000ffd00000,0x00000000ffd00000,0x0000000100000000)
 ParOldGen       total 177664K, used 114868K [0x00000000c3800000, 0x00000000ce580000, 0x00000000ebd00000)
  object space 177664K, 64% used [0x00000000c3800000,0x00000000ca82d328,0x00000000ce580000)
 PSPermGen       total 107008K, used 57452K [0x00000000b9200000, 0x00000000bfa80000, 0x00000000c3800000)
  object space 107008K, 53% used [0x00000000b9200000,0x00000000bca1b240,0x00000000bfa80000)
GC Heap History (10 events):
Event: 2413,821 GC heap before
{Heap before GC invocations=896 (full 5):
 PSYoungGen      total 327680K, used 327168K [0x00000000ebd00000, 0x0000000100000000, 0x0000000100000000)
  eden space 324608K, 100% used [0x00000000ebd00000,0x00000000ffa00000,0x00000000ffa00000)
  from space 3072K, 83% used [0x00000000ffd00000,0x00000000fff80000,0x0000000100000000)
  to   space 3072K, 0% used [0x00000000ffa00000,0x00000000ffa00000,0x00000000ffd00000)
 ParOldGen       total 177664K, used 114828K [0x00000000c3800000, 0x00000000ce580000, 0x00000000ebd00000)
  object space 177664K, 64% used [0x00000000c3800000,0x00000000ca823328,0x00000000ce580000)
 PSPermGen       total 107008K, used 57452K [0x00000000b9200000, 0x00000000bfa80000, 0x00000000c3800000)
  object space 107008K, 53% used [0x00000000b9200000,0x00000000bca1b240,0x00000000bfa80000)
Event: 2413,830 GC heap after
Heap after GC invocations=896 (full 5):
 PSYoungGen      total 327680K, used 2592K [0x00000000ebd00000, 0x0000000100000000, 0x0000000100000000)
  eden space 324608K, 0% used [0x00000000ebd00000,0x00000000ebd00000,0x00000000ffa00000)
  from space 3072K, 84% used [0x00000000ffa00000,0x00000000ffc88000,0x00000000ffd00000)
  to   space 3072K, 0% used [0x00000000ffd00000,0x00000000ffd00000,0x0000000100000000)
 ParOldGen       total 177664K, used 114852K [0x00000000c3800000, 0x00000000ce580000, 0x00000000ebd00000)
  object space 177664K, 64% used [0x00000000c3800000,0x00000000ca829328,0x00000000ce580000)
 PSPermGen       total 107008K, used 57452K [0x00000000b9200000, 0x00000000bfa80000, 0x00000000c3800000)
  object space 107008K, 53% used [0x00000000b9200000,0x00000000bca1b240,0x00000000bfa80000)
}
Event: 2414,522 GC heap before
{Heap before GC invocations=897 (full 5):
 PSYoungGen      total 327680K, used 327200K [0x00000000ebd00000, 0x0000000100000000, 0x0000000100000000)
  eden space 324608K, 100% used [0x00000000ebd00000,0x00000000ffa00000,0x00000000ffa00000)
  from space 3072K, 84% used [0x00000000ffa00000,0x00000000ffc88000,0x00000000ffd00000)
  to   space 3072K, 0% used [0x00000000ffd00000,0x00000000ffd00000,0x0000000100000000)
 ParOldGen       total 177664K, used 114852K [0x00000000c3800000, 0x00000000ce580000, 0x00000000ebd00000)
  object space 177664K, 64% used [0x00000000c3800000,0x00000000ca829328,0x00000000ce580000)
 PSPermGen       total 107008K, used 57452K [0x00000000b9200000, 0x00000000bfa80000, 0x00000000c3800000)
  object space 107008K, 53% used [0x00000000b9200000,0x00000000bca1b240,0x00000000bfa80000)
Event: 2414,530 GC heap after
Heap after GC invocations=897 (full 5):
 PSYoungGen      total 327680K, used 2592K [0x00000000ebd00000, 0x0000000100000000, 0x0000000100000000)
  eden space 324608K, 0% used [0x00000000ebd00000,0x00000000ebd00000,0x00000000ffa00000)
  from space 3072K, 84% used [0x00000000ffd00000,0x00000000fff88000,0x0000000100000000)
  to   space 3072K, 0% used [0x00000000ffa00000,0x00000000ffa00000,0x00000000ffd00000)
 ParOldGen       total 177664K, used 114860K [0x00000000c3800000, 0x00000000ce580000, 0x00000000ebd00000)
  object space 177664K, 64% used [0x00000000c3800000,0x00000000ca82b328,0x00000000ce580000)
 PSPermGen       total 107008K, used 57452K [0x00000000b9200000, 0x00000000bfa80000, 0x00000000c3800000)
  object space 107008K, 53% used [0x00000000b9200000,0x00000000bca1b240,0x00000000bfa80000)
}
Event: 2415,296 GC heap before
{Heap before GC invocations=898 (full 5):
 PSYoungGen      total 327680K, used 327200K [0x00000000ebd00000, 0x0000000100000000, 0x0000000100000000)
  eden space 324608K, 100% used [0x00000000ebd00000,0x00000000ffa00000,0x00000000ffa00000)
  from space 3072K, 84% used [0x00000000ffd00000,0x00000000fff88000,0x0000000100000000)
  to   space 3072K, 0% used [0x00000000ffa00000,0x00000000ffa00000,0x00000000ffd00000)
 ParOldGen       total 177664K, used 114860K [0x00000000c3800000, 0x00000000ce580000, 0x00000000ebd00000)
  object space 177664K, 64% used [0x00000000c3800000,0x00000000ca82b328,0x00000000ce580000)
 PSPermGen       total 107008K, used 57452K [0x00000000b9200000, 0x00000000bfa80000, 0x00000000c3800000)
  object space 107008K, 53% used [0x00000000b9200000,0x00000000bca1b240,0x00000000bfa80000)
Event: 2415,305 GC heap after
Heap after GC invocations=898 (full 5):
 PSYoungGen      total 327680K, used 2688K [0x00000000ebd00000, 0x0000000100000000, 0x0000000100000000)
  eden space 324608K, 0% used [0x00000000ebd00000,0x00000000ebd00000,0x00000000ffa00000)
  from space 3072K, 87% used [0x00000000ffa00000,0x00000000ffca0000,0x00000000ffd00000)
  to   space 3072K, 0% used [0x00000000ffd00000,0x00000000ffd00000,0x0000000100000000)
 ParOldGen       total 177664K, used 114860K [0x00000000c3800000, 0x00000000ce580000, 0x00000000ebd00000)
  object space 177664K, 64% used [0x00000000c3800000,0x00000000ca82b328,0x00000000ce580000)
 PSPermGen       total 107008K, used 57452K [0x00000000b9200000, 0x00000000bfa80000, 0x00000000c3800000)
  object space 107008K, 53% used [0x00000000b9200000,0x00000000bca1b240,0x00000000bfa80000)
}
Event: 2415,980 GC heap before
{Heap before GC invocations=899 (full 5):
 PSYoungGen      total 327680K, used 327296K [0x00000000ebd00000, 0x0000000100000000, 0x0000000100000000)
  eden space 324608K, 100% used [0x00000000ebd00000,0x00000000ffa00000,0x00000000ffa00000)
  from space 3072K, 87% used [0x00000000ffa00000,0x00000000ffca0000,0x00000000ffd00000)
  to   space 3072K, 0% used [0x00000000ffd00000,0x00000000ffd00000,0x0000000100000000)
 ParOldGen       total 177664K, used 114860K [0x00000000c3800000, 0x00000000ce580000, 0x00000000ebd00000)
  object space 177664K, 64% used [0x00000000c3800000,0x00000000ca82b328,0x00000000ce580000)
 PSPermGen       total 107008K, used 57452K [0x00000000b9200000, 0x00000000bfa80000, 0x00000000c3800000)
  object space 107008K, 53% used [0x00000000b9200000,0x00000000bca1b240,0x00000000bfa80000)
Event: 2415,989 GC heap after
Heap after GC invocations=899 (full 5):
 PSYoungGen      total 327680K, used 2560K [0x00000000ebd00000, 0x0000000100000000, 0x0000000100000000)
  eden space 324608K, 0% used [0x00000000ebd00000,0x00000000ebd00000,0x00000000ffa00000)
  from space 3072K, 83% used [0x00000000ffd00000,0x00000000fff80000,0x0000000100000000)
  to   space 3072K, 0% used [0x00000000ffa00000,0x00000000ffa00000,0x00000000ffd00000)
 ParOldGen       total 177664K, used 114860K [0x00000000c3800000, 0x00000000ce580000, 0x00000000ebd00000)
  object space 177664K, 64% used [0x00000000c3800000,0x00000000ca82b328,0x00000000ce580000)
 PSPermGen       total 107008K, used 57452K [0x00000000b9200000, 0x00000000bfa80000, 0x00000000c3800000)
  object space 107008K, 53% used [0x00000000b9200000,0x00000000bca1b240,0x00000000bfa80000)
}
Event: 2416,661 GC heap before
{Heap before GC invocations=900 (full 5):
 PSYoungGen      total 327680K, used 327168K [0x00000000ebd00000, 0x0000000100000000, 0x0000000100000000)
  eden space 324608K, 100% used [0x00000000ebd00000,0x00000000ffa00000,0x00000000ffa00000)
  from space 3072K, 83% used [0x00000000ffd00000,0x00000000fff80000,0x0000000100000000)
  to   space 3072K, 0% used [0x00000000ffa00000,0x00000000ffa00000,0x00000000ffd00000)
 ParOldGen       total 177664K, used 114860K [0x00000000c3800000, 0x00000000ce580000, 0x00000000ebd00000)
  object space 177664K, 64% used [0x00000000c3800000,0x00000000ca82b328,0x00000000ce580000)
 PSPermGen       total 107008K, used 57452K [0x00000000b9200000, 0x00000000bfa80000, 0x00000000c3800000)
  object space 107008K, 53% used [0x00000000b9200000,0x00000000bca1b240,0x00000000bfa80000)
Event: 2416,671 GC heap after
Heap after GC invocations=900 (full 5):
 PSYoungGen      total 327680K, used 2560K [0x00000000ebd00000, 0x0000000100000000, 0x0000000100000000)
  eden space 324608K, 0% used [0x00000000ebd00000,0x00000000ebd00000,0x00000000ffa00000)
  from space 3072K, 83% used [0x00000000ffa00000,0x00000000ffc80000,0x00000000ffd00000)
  to   space 3072K, 0% used [0x00000000ffd00000,0x00000000ffd00000,0x0000000100000000)
 ParOldGen       total 177664K, used 114868K [0x00000000c3800000, 0x00000000ce580000, 0x00000000ebd00000)
  object space 177664K, 64% used [0x00000000c3800000,0x00000000ca82d328,0x00000000ce580000)
 PSPermGen       total 107008K, used 57452K [0x00000000b9200000, 0x00000000bfa80000, 0x00000000c3800000)
  object space 107008K, 53% used [0x00000000b9200000,0x00000000bca1b240,0x00000000bfa80000)
}

