# JRE version: OpenJDK Runtime Environment (7.0_75-b13) (build 1.7.0_75-b13)
# Java VM: OpenJDK 64-Bit Server VM (24.75-b04 mixed mode linux-amd64 compressed oops)
Heap
 PSYoungGen      total 295424K, used 236462K [0x00000000ebd00000, 0x0000000100000000, 0x0000000100000000)
  eden space 260096K, 77% used [0x00000000ebd00000,0x00000000f8171bd0,0x00000000fbb00000)
  from space 35328K, 99% used [0x00000000fbb00000,0x00000000fdd79e88,0x00000000fdd80000)
  to   space 35328K, 0% used [0x00000000fdd80000,0x00000000fdd80000,0x0000000100000000)
 ParOldGen       total 112640K, used 80130K [0x00000000c3800000, 0x00000000ca600000, 0x00000000ebd00000)
  object space 112640K, 71% used [0x00000000c3800000,0x00000000c8640ac8,0x00000000ca600000)
 PSPermGen       total 122368K, used 55922K [0x00000000b9200000, 0x00000000c0980000, 0x00000000c3800000)
  object space 122368K, 45% used [0x00000000b9200000,0x00000000bc89c9b0,0x00000000c0980000)
GC Heap History (10 events):
Event: 80,089 GC heap before
{Heap before GC invocations=15 (full 1):
 PSYoungGen      total 302080K, used 287232K [0x00000000ebd00000, 0x00000000ffe80000, 0x0000000100000000)
  eden space 287232K, 100% used [0x00000000ebd00000,0x00000000fd580000,0x00000000fd580000)
  from space 14848K, 0% used [0x00000000fe300000,0x00000000fe300000,0x00000000ff180000)
  to   space 13312K, 0% used [0x00000000ff180000,0x00000000ff180000,0x00000000ffe80000)
 ParOldGen       total 70656K, used 40044K [0x00000000c3800000, 0x00000000c7d00000, 0x00000000ebd00000)
  object space 70656K, 56% used [0x00000000c3800000,0x00000000c5f1b3d8,0x00000000c7d00000)
 PSPermGen       total 107008K, used 55816K [0x00000000b9200000, 0x00000000bfa80000, 0x00000000c3800000)
  object space 107008K, 52% used [0x00000000b9200000,0x00000000bc882068,0x00000000bfa80000)
Event: 80,148 GC heap after
Heap after GC invocations=15 (full 1):
 PSYoungGen      total 287744K, used 13285K [0x00000000ebd00000, 0x0000000100000000, 0x0000000100000000)
  eden space 274432K, 0% used [0x00000000ebd00000,0x00000000ebd00000,0x00000000fc900000)
  from space 13312K, 99% used [0x00000000ff180000,0x00000000ffe797a0,0x00000000ffe80000)
  to   space 28160K, 0% used [0x00000000fc900000,0x00000000fc900000,0x00000000fe480000)
 ParOldGen       total 70656K, used 58489K [0x00000000c3800000, 0x00000000c7d00000, 0x00000000ebd00000)
  object space 70656K, 82% used [0x00000000c3800000,0x00000000c711e4b0,0x00000000c7d00000)
 PSPermGen       total 107008K, used 55816K [0x00000000b9200000, 0x00000000bfa80000, 0x00000000c3800000)
  object space 107008K, 52% used [0x00000000b9200000,0x00000000bc882068,0x00000000bfa80000)
}
Event: 80,148 GC heap before
{Heap before GC invocations=16 (full 2):
 PSYoungGen      total 287744K, used 13285K [0x00000000ebd00000, 0x0000000100000000, 0x0000000100000000)
  eden space 274432K, 0% used [0x00000000ebd00000,0x00000000ebd00000,0x00000000fc900000)
  from space 13312K, 99% used [0x00000000ff180000,0x00000000ffe797a0,0x00000000ffe80000)
  to   space 28160K, 0% used [0x00000000fc900000,0x00000000fc900000,0x00000000fe480000)
 ParOldGen       total 70656K, used 58489K [0x00000000c3800000, 0x00000000c7d00000, 0x00000000ebd00000)
  object space 70656K, 82% used [0x00000000c3800000,0x00000000c711e4b0,0x00000000c7d00000)
 PSPermGen       total 107008K, used 55816K [0x00000000b9200000, 0x00000000bfa80000, 0x00000000c3800000)
  object space 107008K, 52% used [0x00000000b9200000,0x00000000bc882068,0x00000000bfa80000)
Event: 80,448 GC heap after
Heap after GC invocations=16 (full 2):
 PSYoungGen      total 287744K, used 0K [0x00000000ebd00000, 0x0000000100000000, 0x0000000100000000)
  eden space 274432K, 0% used [0x00000000ebd00000,0x00000000ebd00000,0x00000000fc900000)
  from space 13312K, 0% used [0x00000000ff180000,0x00000000ff180000,0x00000000ffe80000)
  to   space 28160K, 0% used [0x00000000fc900000,0x00000000fc900000,0x00000000fe480000)
 ParOldGen       total 112640K, used 60273K [0x00000000c3800000, 0x00000000ca600000, 0x00000000ebd00000)
  object space 112640K, 53% used [0x00000000c3800000,0x00000000c72dc5f0,0x00000000ca600000)
 PSPermGen       total 122368K, used 55814K [0x00000000b9200000, 0x00000000c0980000, 0x00000000c3800000)
  object space 122368K, 45% used [0x00000000b9200000,0x00000000bc881828,0x00000000c0980000)
}
Event: 328,019 GC heap before
{Heap before GC invocations=17 (full 2):
 PSYoungGen      total 287744K, used 274432K [0x00000000ebd00000, 0x0000000100000000, 0x0000000100000000)
  eden space 274432K, 100% used [0x00000000ebd00000,0x00000000fc900000,0x00000000fc900000)
  from space 13312K, 0% used [0x00000000ff180000,0x00000000ff180000,0x00000000ffe80000)
  to   space 28160K, 0% used [0x00000000fc900000,0x00000000fc900000,0x00000000fe480000)
 ParOldGen       total 112640K, used 60273K [0x00000000c3800000, 0x00000000ca600000, 0x00000000ebd00000)
  object space 112640K, 53% used [0x00000000c3800000,0x00000000c72dc5f0,0x00000000ca600000)
 PSPermGen       total 122368K, used 55898K [0x00000000b9200000, 0x00000000c0980000, 0x00000000c3800000)
  object space 122368K, 45% used [0x00000000b9200000,0x00000000bc8968f0,0x00000000c0980000)
Event: 328,103 GC heap after
Heap after GC invocations=17 (full 2):
 PSYoungGen      total 302592K, used 28140K [0x00000000ebd00000, 0x0000000100000000, 0x0000000100000000)
  eden space 274432K, 0% used [0x00000000ebd00000,0x00000000ebd00000,0x00000000fc900000)
  from space 28160K, 99% used [0x00000000fc900000,0x00000000fe47b1d0,0x00000000fe480000)
  to   space 28160K, 0% used [0x00000000fe480000,0x00000000fe480000,0x0000000100000000)
 ParOldGen       total 112640K, used 63665K [0x00000000c3800000, 0x00000000ca600000, 0x00000000ebd00000)
  object space 112640K, 56% used [0x00000000c3800000,0x00000000c762c5f0,0x00000000ca600000)
 PSPermGen       total 122368K, used 55898K [0x00000000b9200000, 0x00000000c0980000, 0x00000000c3800000)
  object space 122368K, 45% used [0x00000000b9200000,0x00000000bc8968f0,0x00000000c0980000)
}
Event: 329,197 GC heap before
{Heap before GC invocations=18 (full 2):
 PSYoungGen      total 302592K, used 302572K [0x00000000ebd00000, 0x0000000100000000, 0x0000000100000000)
  eden space 274432K, 100% used [0x00000000ebd00000,0x00000000fc900000,0x00000000fc900000)
  from space 28160K, 99% used [0x00000000fc900000,0x00000000fe47b1d0,0x00000000fe480000)
  to   space 28160K, 0% used [0x00000000fe480000,0x00000000fe480000,0x0000000100000000)
 ParOldGen       total 112640K, used 63665K [0x00000000c3800000, 0x00000000ca600000, 0x00000000ebd00000)
  object space 112640K, 56% used [0x00000000c3800000,0x00000000c762c5f0,0x00000000ca600000)
 PSPermGen       total 122368K, used 55900K [0x00000000b9200000, 0x00000000c0980000, 0x00000000c3800000)
  object space 122368K, 45% used [0x00000000b9200000,0x00000000bc897018,0x00000000c0980000)
Event: 329,257 GC heap after
Heap after GC invocations=18 (full 2):
 PSYoungGen      total 288256K, used 21211K [0x00000000ebd00000, 0x0000000100000000, 0x0000000100000000)
  eden space 260096K, 0% used [0x00000000ebd00000,0x00000000ebd00000,0x00000000fbb00000)
  from space 28160K, 75% used [0x00000000fe480000,0x00000000ff936cd8,0x0000000100000000)
  to   space 35328K, 0% used [0x00000000fbb00000,0x00000000fbb00000,0x00000000fdd80000)
 ParOldGen       total 112640K, used 72110K [0x00000000c3800000, 0x00000000ca600000, 0x00000000ebd00000)
  object space 112640K, 64% used [0x00000000c3800000,0x00000000c7e6b9b8,0x00000000ca600000)
 PSPermGen       total 122368K, used 55900K [0x00000000b9200000, 0x00000000c0980000, 0x00000000c3800000)
  object space 122368K, 45% used [0x00000000b9200000,0x00000000bc897018,0x00000000c0980000)
}
Event: 478,595 GC heap before
{Heap before GC invocations=19 (full 2):
 PSYoungGen      total 288256K, used 281307K [0x00000000ebd00000, 0x0000000100000000, 0x0000000100000000)
  eden space 260096K, 100% used [0x00000000ebd00000,0x00000000fbb00000,0x00000000fbb00000)
  from space 28160K, 75% used [0x00000000fe480000,0x00000000ff936cd8,0x0000000100000000)
  to   space 35328K, 0% used [0x00000000fbb00000,0x00000000fbb00000,0x00000000fdd80000)
 ParOldGen       total 112640K, used 72110K [0x00000000c3800000, 0x00000000ca600000, 0x00000000ebd00000)
  object space 112640K, 64% used [0x00000000c3800000,0x00000000c7e6b9b8,0x00000000ca600000)
 PSPermGen       total 122368K, used 55917K [0x00000000b9200000, 0x00000000c0980000, 0x00000000c3800000)
  object space 122368K, 45% used [0x00000000b9200000,0x00000000bc89b5d0,0x00000000c0980000)
Event: 479,060 GC heap after
Heap after GC invocations=19 (full 2):
 PSYoungGen      total 295424K, used 35303K [0x00000000ebd00000, 0x0000000100000000, 0x0000000100000000)
  eden space 260096K, 0% used [0x00000000ebd00000,0x00000000ebd00000,0x00000000fbb00000)
  from space 35328K, 99% used [0x00000000fbb00000,0x00000000fdd79e88,0x00000000fdd80000)
  to   space 35328K, 0% used [0x00000000fdd80000,0x00000000fdd80000,0x0000000100000000)
 ParOldGen       total 112640K, used 80130K [0x00000000c3800000, 0x00000000ca600000, 0x00000000ebd00000)
  object space 112640K, 71% used [0x00000000c3800000,0x00000000c8640ac8,0x00000000ca600000)
 PSPermGen       total 122368K, used 55917K [0x00000000b9200000, 0x00000000c0980000, 0x00000000c3800000)
  object space 122368K, 45% used [0x00000000b9200000,0x00000000bc89b5d0,0x00000000c0980000)
}

